  Source.cpp
C:\Users\aalfr\source\repos\Mosh\Arrays\Source.cpp(1,9): warning C4067: unexpected tokens following preprocessor directive - expected a newline
C:\Users\aalfr\source\repos\Mosh\Arrays\Source.cpp(72,8): error C2146: syntax error: missing ';' before identifier 't'
C:\Users\aalfr\source\repos\Mosh\Arrays\Source.cpp(72,3): warning C4551: function call missing argument list
C:\Users\aalfr\source\repos\Mosh\Arrays\Source.cpp(72,8): error C2065: 't': undeclared identifier
C:\Users\aalfr\source\repos\Mosh\Arrays\Source.cpp(72,13): error C2065: 'is': undeclared identifier
C:\Users\aalfr\source\repos\Mosh\Arrays\Source.cpp(72,16): error C2146: syntax error: missing ';' before identifier 'a'
C:\Users\aalfr\source\repos\Mosh\Arrays\Source.cpp(72,16): error C2065: 'a': undeclared identifier
C:\Users\aalfr\source\repos\Mosh\Arrays\Source.cpp(72,18): error C2146: syntax error: missing ';' before identifier 'type'
C:\Users\aalfr\source\repos\Mosh\Arrays\Source.cpp(72,18): error C2065: 'type': undeclared identifier
C:\Users\aalfr\source\repos\Mosh\Arrays\Source.cpp(72,26): error C2065: 'datatype': undeclared identifier
C:\Users\aalfr\source\repos\Mosh\Arrays\Source.cpp(72,35): error C2146: syntax error: missing ';' before identifier 'defined'
C:\Users\aalfr\source\repos\Mosh\Arrays\Source.cpp(72,35): error C2065: 'defined': undeclared identifier
C:\Users\aalfr\source\repos\Mosh\Arrays\Source.cpp(72,43): error C2146: syntax error: missing ';' before identifier 'in'
C:\Users\aalfr\source\repos\Mosh\Arrays\Source.cpp(72,43): error C2065: 'in': undeclared identifier
C:\Users\aalfr\source\repos\Mosh\Arrays\Source.cpp(72,46): error C2146: syntax error: missing ';' before identifier 'standard'
C:\Users\aalfr\source\repos\Mosh\Arrays\Source.cpp(72,46): error C2065: 'standard': undeclared identifier
C:\Users\aalfr\source\repos\Mosh\Arrays\Source.cpp(72,55): error C2146: syntax error: missing ';' before identifier 'library'
C:\Users\aalfr\source\repos\Mosh\Arrays\Source.cpp(72,55): error C2065: 'library': undeclared identifier
C:\Users\aalfr\source\repos\Mosh\Arrays\Source.cpp(72,64): error C2065: 'define': undeclared identifier
C:\Users\aalfr\source\repos\Mosh\Arrays\Source.cpp(72,71): error C2146: syntax error: missing ';' before identifier 'to'
C:\Users\aalfr\source\repos\Mosh\Arrays\Source.cpp(72,71): error C2065: 'to': undeclared identifier
C:\Users\aalfr\source\repos\Mosh\Arrays\Source.cpp(72,74): error C2146: syntax error: missing ';' before identifier 'storage'
C:\Users\aalfr\source\repos\Mosh\Arrays\Source.cpp(72,74): error C2065: 'storage': undeclared identifier
C:\Users\aalfr\source\repos\Mosh\Arrays\Source.cpp(72,82): error C2146: syntax error: missing ';' before identifier 'the'
C:\Users\aalfr\source\repos\Mosh\Arrays\Source.cpp(72,82): error C2065: 'the': undeclared identifier
C:\Users\aalfr\source\repos\Mosh\Arrays\Source.cpp(72,86): error C2146: syntax error: missing ';' before identifier 'size'
C:\Users\aalfr\source\repos\Mosh\Arrays\Source.cpp(72,91): error C2146: syntax error: missing ';' before identifier 'of'
C:\Users\aalfr\source\repos\Mosh\Arrays\Source.cpp(72,86): warning C4551: function call missing argument list
C:\Users\aalfr\source\repos\Mosh\Arrays\Source.cpp(72,91): error C2065: 'of': undeclared identifier
C:\Users\aalfr\source\repos\Mosh\Arrays\Source.cpp(72,94): error C2146: syntax error: missing ';' before identifier 'the'
C:\Users\aalfr\source\repos\Mosh\Arrays\Source.cpp(72,94): error C2065: 'the': undeclared identifier
C:\Users\aalfr\source\repos\Mosh\Arrays\Source.cpp(72,98): error C2146: syntax error: missing ';' before identifier 'largest'
C:\Users\aalfr\source\repos\Mosh\Arrays\Source.cpp(72,98): error C2065: 'largest': undeclared identifier
C:\Users\aalfr\source\repos\Mosh\Arrays\Source.cpp(72,106): error C2146: syntax error: missing ';' before identifier 'object'
C:\Users\aalfr\source\repos\Mosh\Arrays\Source.cpp(72,106): error C2065: 'object': undeclared identifier
C:\Users\aalfr\source\repos\Mosh\Arrays\Source.cpp(72,113): error C2146: syntax error: missing ';' before identifier 'the'
C:\Users\aalfr\source\repos\Mosh\Arrays\Source.cpp(72,113): error C2065: 'the': undeclared identifier
C:\Users\aalfr\source\repos\Mosh\Arrays\Source.cpp(72,117): error C2146: syntax error: missing ';' before identifier 'system'
C:\Users\aalfr\source\repos\Mosh\Arrays\Source.cpp(72,124): error C2146: syntax error: missing ';' before identifier 'can'
C:\Users\aalfr\source\repos\Mosh\Arrays\Source.cpp(72,117): warning C4551: function call missing argument list
C:\Users\aalfr\source\repos\Mosh\Arrays\Source.cpp(72,124): error C2065: 'can': undeclared identifier
C:\Users\aalfr\source\repos\Mosh\Arrays\Source.cpp(72,128): error C2146: syntax error: missing ';' before identifier 'handle'
C:\Users\aalfr\source\repos\Mosh\Arrays\Source.cpp(72,128): error C2065: 'handle': undeclared identifier
C:\Users\aalfr\source\repos\Mosh\Arrays\Source.cpp(82,3): error C2065: 'At': undeclared identifier
C:\Users\aalfr\source\repos\Mosh\Arrays\Source.cpp(82,7): error C2146: syntax error: missing ';' before identifier 'the'
C:\Users\aalfr\source\repos\Mosh\Arrays\Source.cpp(82,7): error C2065: 'the': undeclared identifier
C:\Users\aalfr\source\repos\Mosh\Arrays\Source.cpp(82,11): error C2146: syntax error: missing ';' before identifier 'end'
C:\Users\aalfr\source\repos\Mosh\Arrays\Source.cpp(82,15): error C2146: syntax error: missing ';' before identifier 'size_t'
C:\Users\aalfr\source\repos\Mosh\Arrays\Source.cpp(82,11): warning C4551: function call missing argument list
C:\Users\aalfr\source\repos\Mosh\Arrays\Source.cpp(82,25): error C2146: syntax error: missing ';' before identifier 'the'
C:\Users\aalfr\source\repos\Mosh\Arrays\Source.cpp(82,25): error C2065: 'the': undeclared identifier
C:\Users\aalfr\source\repos\Mosh\Arrays\Source.cpp(82,29): error C2146: syntax error: missing ';' before identifier 'same'
C:\Users\aalfr\source\repos\Mosh\Arrays\Source.cpp(82,29): error C2065: 'same': undeclared identifier
C:\Users\aalfr\source\repos\Mosh\Arrays\Source.cpp(82,34): error C2146: syntax error: missing ';' before identifier 'size'
C:\Users\aalfr\source\repos\Mosh\Arrays\Source.cpp(82,39): error C2146: syntax error: missing ';' before identifier 'of'
C:\Users\aalfr\source\repos\Mosh\Arrays\Source.cpp(82,34): warning C4551: function call missing argument list
C:\Users\aalfr\source\repos\Mosh\Arrays\Source.cpp(82,39): error C2065: 'of': undeclared identifier
C:\Users\aalfr\source\repos\Mosh\Arrays\Source.cpp(82,42): error C2144: syntax error: 'unsigned __int64' should be preceded by ';'
C:\Users\aalfr\source\repos\Mosh\Arrays\Source.cpp(82,60): error C2059: syntax error: '.'
C:\Users\aalfr\source\repos\Mosh\Arrays\Source.cpp(102,2): error C2143: syntax error: missing ';' before '{'
C:\Users\aalfr\source\repos\Mosh\Arrays\Source.cpp(102,16): error C2143: syntax error: missing ';' before '}'
C:\Users\aalfr\source\repos\Mosh\Arrays\Source.cpp(102,19): error C2065: 'i': undeclared identifier
C:\Users\aalfr\source\repos\Mosh\Arrays\Source.cpp(102,27): error C2065: 'i': undeclared identifier
C:\Users\aalfr\source\repos\Mosh\Arrays\Source.cpp(102,30): error C2059: syntax error: ')'
C:\Users\aalfr\source\repos\Mosh\Arrays\Source.cpp(103,3): error C2059: syntax error: 'for'
C:\Users\aalfr\source\repos\Mosh\Arrays\Source.cpp(103,3): error C2143: syntax error: missing ';' before '{'
C:\Users\aalfr\source\repos\Mosh\Arrays\Source.cpp(103,3): error C2143: syntax error: missing ')' before ';'
C:\Users\aalfr\source\repos\Mosh\Arrays\Source.cpp(103,17): error C2143: syntax error: missing ';' before '}'
C:\Users\aalfr\source\repos\Mosh\Arrays\Source.cpp(103,20): error C2065: 'j': undeclared identifier
C:\Users\aalfr\source\repos\Mosh\Arrays\Source.cpp(103,28): error C2065: 'j': undeclared identifier
C:\Users\aalfr\source\repos\Mosh\Arrays\Source.cpp(103,31): error C2059: syntax error: ')'
C:\Users\aalfr\source\repos\Mosh\Arrays\Source.cpp(104,4): error C2059: syntax error: 'if'
C:\Users\aalfr\source\repos\Mosh\Arrays\Source.cpp(104,37): error C2143: syntax error: missing ';' before '{'
C:\Users\aalfr\source\repos\Mosh\Arrays\Source.cpp(105,24): error C2065: 'i': undeclared identifier
C:\Users\aalfr\source\repos\Mosh\Arrays\Source.cpp(106,13): error C2065: 'i': undeclared identifier
C:\Users\aalfr\source\repos\Mosh\Arrays\Source.cpp(106,26): error C2065: 'i': undeclared identifier
C:\Users\aalfr\source\repos\Mosh\Arrays\Source.cpp(107,13): error C2065: 'i': undeclared identifier
C:\Users\aalfr\source\repos\Mosh\Arrays\Source.cpp(112,2): error C2059: syntax error: '}'
C:\Users\aalfr\source\repos\Mosh\Arrays\Source.cpp(112,2): error C2143: syntax error: missing ';' before '}'
C:\Users\aalfr\source\repos\Mosh\Arrays\Source.cpp(123,27): error C2143: syntax error: missing ';' before '{'
C:\Users\aalfr\source\repos\Mosh\Arrays\Source.cpp(123,27): error C2447: '{': missing function header (old-style formal list?)
C:\Users\aalfr\source\repos\Mosh\Arrays\Source.cpp(128,20): error C4430: missing type specifier - int assumed. Note: C++ does not support default-int
C:\Users\aalfr\source\repos\Mosh\Arrays\Source.cpp(128,2): error C2365: 'printMatrix': redefinition; previous definition was 'function'
C:\Users\aalfr\source\repos\Mosh\Arrays\Source.cpp(40,6): message : see declaration of 'printMatrix'
C:\Users\aalfr\source\repos\Mosh\Arrays\Source.cpp(128,14): error C2065: 'matrix': undeclared identifier
C:\Users\aalfr\source\repos\Mosh\Arrays\Source.cpp(129,1): error C2059: syntax error: '}'
C:\Users\aalfr\source\repos\Mosh\Arrays\Source.cpp(129,1): error C2143: syntax error: missing ';' before '}'
