  Source.cpp
C:\Users\aalfr\source\repos\Project1\Project1\Source.cpp(93,36): warning C4244: '=': conversion from 'double' to 'int', possible loss of data
C:\Users\aalfr\source\repos\Project1\Project1\Source.cpp(100,36): warning C4244: '=': conversion from 'double' to 'int', possible loss of data
C:\Users\aalfr\source\repos\Project1\Project1\Source.cpp(106,36): warning C4244: '=': conversion from 'double' to 'int', possible loss of data
C:\Users\aalfr\source\repos\Project1\Project1\Source.cpp(114,36): warning C4244: '=': conversion from 'double' to 'int', possible loss of data
C:\Users\aalfr\source\repos\Project1\Project1\Source.cpp(126,34): warning C4244: '=': conversion from 'double' to 'int', possible loss of data
C:\Users\aalfr\source\repos\Project1\Project1\Source.cpp(163,37): warning C4244: '=': conversion from 'double' to 'int', possible loss of data
C:\Users\aalfr\source\repos\Project1\Project1\Source.cpp(189,2): error C2062: type 'void' unexpected
C:\Users\aalfr\source\repos\Project1\Project1\Source.cpp(189,40): error C2143: syntax error: missing ';' before '{'
C:\Users\aalfr\source\repos\Project1\Project1\Source.cpp(223,7): error C2601: 'displayData': local function definitions are illegal
C:\Users\aalfr\source\repos\Project1\Project1\Source.cpp(150): message : this line contains a '{' which has not yet been matched
C:\Users\aalfr\source\repos\Project1\Project1\Source.cpp(250,7): error C2601: 'displayAll': local function definitions are illegal
C:\Users\aalfr\source\repos\Project1\Project1\Source.cpp(150): message : this line contains a '{' which has not yet been matched
C:\Users\aalfr\source\repos\Project1\Project1\Source.cpp(258,6): error C2601: 'menu': local function definitions are illegal
C:\Users\aalfr\source\repos\Project1\Project1\Source.cpp(150): message : this line contains a '{' which has not yet been matched
C:\Users\aalfr\source\repos\Project1\Project1\Source.cpp(288,6): error C2601: 'subMenu': local function definitions are illegal
C:\Users\aalfr\source\repos\Project1\Project1\Source.cpp(150): message : this line contains a '{' which has not yet been matched
C:\Users\aalfr\source\repos\Project1\Project1\Source.cpp(308,7): error C2601: 'deposit': local function definitions are illegal
C:\Users\aalfr\source\repos\Project1\Project1\Source.cpp(150): message : this line contains a '{' which has not yet been matched
C:\Users\aalfr\source\repos\Project1\Project1\Source.cpp(322,7): error C2601: 'withdrawal': local function definitions are illegal
C:\Users\aalfr\source\repos\Project1\Project1\Source.cpp(150): message : this line contains a '{' which has not yet been matched
C:\Users\aalfr\source\repos\Project1\Project1\Source.cpp(335,9): error C2601: 'averageOfBalances': local function definitions are illegal
C:\Users\aalfr\source\repos\Project1\Project1\Source.cpp(150): message : this line contains a '{' which has not yet been matched
C:\Users\aalfr\source\repos\Project1\Project1\Source.cpp(349,9): error C2601: 'totalBalance': local function definitions are illegal
C:\Users\aalfr\source\repos\Project1\Project1\Source.cpp(150): message : this line contains a '{' which has not yet been matched
C:\Users\aalfr\source\repos\Project1\Project1\Source.cpp(362,7): error C2601: 'sortingFunction': local function definitions are illegal
C:\Users\aalfr\source\repos\Project1\Project1\Source.cpp(150): message : this line contains a '{' which has not yet been matched
C:\Users\aalfr\source\repos\Project1\Project1\Source.cpp(435,9): error C2601: 'numberValidation': local function definitions are illegal
C:\Users\aalfr\source\repos\Project1\Project1\Source.cpp(150): message : this line contains a '{' which has not yet been matched
C:\Users\aalfr\source\repos\Project1\Project1\Source.cpp(453,9): error C2601: 'stringValidation': local function definitions are illegal
C:\Users\aalfr\source\repos\Project1\Project1\Source.cpp(150): message : this line contains a '{' which has not yet been matched
C:\Users\aalfr\source\repos\Project1\Project1\Source.cpp(150): fatal  error C1075: '{': no matching token found
